<?xml version="1.0" encoding="UTF-8"?>
<!-- Generated by org.testng.reporters.JUnitReportReporter -->
<testsuite hostname="DESKTOP-N60SG0H" failures="0" tests="4" name="com.test.runner.CucumberRunnerClass" time="13.202" errors="0" timestamp="2021-05-05T23:13:48 IST" skipped="0">
  <testcase classname="com.test.runner.CucumberRunnerClass" name="runScenario" time="3.285"/>
  <system-out/>
  <testcase classname="com.test.runner.CucumberRunnerClass" name="runScenario" time="3.285"/>
  <system-out/>
  <testcase classname="com.test.runner.CucumberRunnerClass" name="runScenario" time="3.347"/>
  <system-out/>
  <testcase classname="com.test.runner.CucumberRunnerClass" name="runScenario" time="3.285"/>
  <system-out/>
</testsuite> <!-- com.test.runner.CucumberRunnerClass -->
