<?xml version="1.0" encoding="UTF-8"?>
<!-- Generated by org.testng.reporters.JUnitReportReporter -->
<testsuite hostname="DESKTOP-N60SG0H" failures="0" tests="4" name="com.test.runner.CucumberRunnerClass" time="12.967" errors="0" timestamp="2021-05-05T22:52:32 IST" skipped="0">
  <testcase classname="com.test.runner.CucumberRunnerClass" name="runScenario" time="3.343"/>
  <system-out/>
  <testcase classname="com.test.runner.CucumberRunnerClass" name="runScenario" time="3.037"/>
  <system-out/>
  <testcase classname="com.test.runner.CucumberRunnerClass" name="runScenario" time="3.282"/>
  <system-out/>
  <testcase classname="com.test.runner.CucumberRunnerClass" name="runScenario" time="3.305"/>
  <system-out/>
</testsuite> <!-- com.test.runner.CucumberRunnerClass -->
