<?xml version="1.0" encoding="UTF-8"?>
<!-- Generated by org.testng.reporters.JUnitReportReporter -->
<testsuite hostname="DESKTOP-N60SG0H" failures="0" tests="4" name="runner.TestRunner" time="13.109" errors="0" timestamp="2021-04-16T21:35:09 IST" skipped="0">
  <testcase classname="runner.TestRunner" name="runScenario" time="3.233"/>
  <system-out/>
  <testcase classname="runner.TestRunner" name="runScenario" time="3.240"/>
  <system-out/>
  <testcase classname="runner.TestRunner" name="runScenario" time="3.330"/>
  <system-out/>
  <testcase classname="runner.TestRunner" name="runScenario" time="3.306"/>
  <system-out/>
</testsuite> <!-- runner.TestRunner -->
